2023-08-11 00:02:34.612 [main] [INFO ]: URL is opened
 2023-08-11 00:02:37.756 [main] [INFO ]: Username Entered
 2023-08-11 00:02:37.834 [main] [INFO ]: Password Entered
 2023-08-11 00:02:38.918 [main] [INFO ]: Clicked on Submit button
 2023-08-11 00:02:38.927 [main] [INFO ]: Guru99 Bank Manager HomePage
 2023-08-11 00:02:39.953 [main] [INFO ]: TC Passed
 2023-08-11 00:24:13.518 [main] [INFO ]: URL is opened
 2023-08-11 00:24:16.644 [main] [INFO ]: Username Entered
 2023-08-11 00:24:16.719 [main] [INFO ]: Password Entered
 2023-08-11 00:24:17.769 [main] [INFO ]: Clicked on Submit button
 2023-08-11 00:24:17.769 [main] [INFO ]: Guru99 Bank Manager HomePage
 2023-08-11 00:24:18.780 [main] [INFO ]: TC Passed
 2023-08-11 00:30:11.201 [main] [INFO ]: URL is opened
 2023-08-11 00:30:14.316 [main] [INFO ]: Username Entered
 2023-08-11 00:30:14.404 [main] [INFO ]: Password Entered
 2023-08-11 00:30:15.429 [main] [INFO ]: Clicked on Submit button
 2023-08-11 00:30:15.443 [main] [INFO ]: Guru99 Bank Manager HomePage
 2023-08-11 00:30:16.449 [main] [INFO ]: TC Passed
 2023-08-11 17:01:07.150 [main] [INFO ]: URL is opened
 2023-08-11 17:01:10.332 [main] [INFO ]: Username Entered
 2023-08-11 17:01:10.423 [main] [INFO ]: Password Entered
 2023-08-11 17:01:11.556 [main] [INFO ]: Clicked on Submit button
 2023-08-11 17:01:11.564 [main] [INFO ]: Guru99 Bank Manager HomePage
 2023-08-11 17:01:12.578 [main] [INFO ]: TC Passed
 2023-08-11 17:15:17.066 [main] [INFO ]: URL is opened
 2023-08-11 17:15:20.211 [main] [INFO ]: Username Entered
 2023-08-11 17:15:20.288 [main] [INFO ]: Password Entered
 2023-08-11 17:15:21.366 [main] [INFO ]: Clicked on Submit button
 2023-08-11 17:15:21.374 [main] [INFO ]: Guru99 Bank Manager HomePage
 2023-08-11 17:15:22.386 [main] [INFO ]: TC Passed
 